#
# A fatal error has been detected by the Java Runtime Environment:
#
#  SIGSEGV (0xb) at pc=0x000000011bf7b698, pid=44097, tid=0x000000000000880f
#
# JRE version: Java(TM) SE Runtime Environment (8.0_271-b09) (build 1.8.0_271-b09)
# Java VM: Java HotSpot(TM) 64-Bit Server VM (25.271-b09 mixed mode bsd-amd64 compressed oops)
# Problematic frame:
# C  [librocksdbjni8263394872339332942.jnilib+0x63698]  rocksdb::GetColumnFamilyID(rocksdb::ColumnFamilyHandle*)+0x8
#
# Failed to write core dump. Core dumps have been disabled. To enable core dumping, try "ulimit -c unlimited" before starting Java again
#
# If you would like to submit a bug report, please visit:
#   http://bugreport.java.com/bugreport/crash.jsp
# The crash happened outside the Java Virtual Machine in native code.
# See problematic frame for where to report the bug.
#

---------------  T H R E A D  ---------------

Current thread (0x00007fca3bffc800):  JavaThread "EventQueue-StaleNodeForStaleNodeHandler" daemon [_thread_in_native, id=34831, stack(0x000070000a677000,0x000070000a777000)]

siginfo: si_signo: 11 (SIGSEGV), si_code: 0 (unknown), si_addr: 0x0000000000000000

Registers:
RAX=0xe000000000000000, RBX=0x000070000a7757a8, RCX=0x000070000a775818, RDX=0x00007fca3abe61c0
RSP=0x000070000a7756f8, RBP=0x000070000a775720, RSI=0x000070000a775730, RDI=0x00007fca3abe61c0
R8 =0x000070000a775828, R9 =0x0000000000001bea, R10=0x00000000fffffc00, R11=0x00000fca302aa667
R12=0x000070000a775730, R13=0x000070000a775858, R14=0x000070000a775828, R15=0x000070000a775818
RIP=0x000000011bf7b698, EFLAGS=0x0000000000010206, ERR=0x0000000000000000
  TRAPNO=0x000000000000000d

Top of Stack: (sp=0x000070000a7756f8)
0x000070000a7756f8:   000000011c0c09ff 000070000a775828
0x000070000a775708:   00007fca3abe61c0 000070000a775730
0x000070000a775718:   000070000a775818 000070000a7757e0
0x000070000a775728:   000000011c01a59a 000000011c429c88
0x000070000a775738:   0000000000000000 0000000000000000
0x000070000a775748:   0000000000000000 0000700000000000
0x000070000a775758:   0000000000000000 000070000a775700
0x000070000a775768:   0000000000000151 000000000000000c
0x000070000a775778:   00007fca3aa1fdd0 0000000000000000
0x000070000a775788:   0000000105082bde 000070000a7757c0
0x000070000a775798:   00007fca39c4a960 00007fca3d959a00
0x000070000a7757a8:   00000001052ed5c9 000070000a7757d0
0x000070000a7757b8:   000070000a775858 0000000000000010
0x000070000a7757c8:   0000000000000118 00007fca3bffc9f8
0x000070000a7757d8:   00007fca3aa6f1c0 000070000a775800
0x000070000a7757e8:   000000011c01a43e 000000011c4268a0
0x000070000a7757f8:   00007fca432ab570 000070000a7758a0
0x000070000a775808:   000000011bf301b1 0000000700000001
0x000070000a775818:   00007fca3aa6f1c0 0000000000000010
0x000070000a775828:   00007fca432ab570 0000000000000118
0x000070000a775838:   00007fca3abe61c0 00007fca39c4a960
0x000070000a775848:   00007fca3d959a00 00007fca3aa6f1c0
0x000070000a775858:   0000000100000001 00000001000000cc
0x000070000a775868:   000000079c000000 0000000000000000
0x000070000a775878:   000000079c59b1b0 0000000000000000
0x000070000a775888:   00007fca3abe61c0 000000079c59a4e8
0x000070000a775898:   00007fca3bffc800 000070000a775910
0x000070000a7758a8:   00000001064d3bfe 0000000000000010
0x000070000a7758b8:   000070000a775920 0000000000000000
0x000070000a7758c8:   0000000000000118 00007fca3abe61c0
0x000070000a7758d8:   0000000740e0d970 0000700000000118
0x000070000a7758e8:   0000000106469006 000000079c59a4e8 

Instructions: (pc=0x000000011bf7b698)
0x000000011bf7b678:   06 00 00 c3 0f 1f 40 00 48 8d 47 18 c3 66 2e 0f
0x000000011bf7b688:   1f 84 00 00 00 00 00 90 48 85 ff 74 06 48 8b 07
0x000000011bf7b698:   ff 60 18 31 c0 c3 66 90 48 85 ff 74 06 48 8b 07
0x000000011bf7b6a8:   ff 60 28 31 c0 c3 66 90 48 8d 05 51 a9 4a 00 48 

Register to memory mapping:

RAX=0xe000000000000000 is an unknown value
RBX=0x000070000a7757a8 is pointing into the stack for thread: 0x00007fca3bffc800
RCX=0x000070000a775818 is pointing into the stack for thread: 0x00007fca3bffc800
RDX=0x00007fca3abe61c0 is an unknown value
RSP=0x000070000a7756f8 is pointing into the stack for thread: 0x00007fca3bffc800
RBP=0x000070000a775720 is pointing into the stack for thread: 0x00007fca3bffc800
RSI=0x000070000a775730 is pointing into the stack for thread: 0x00007fca3bffc800
RDI=0x00007fca3abe61c0 is an unknown value
R8 =0x000070000a775828 is pointing into the stack for thread: 0x00007fca3bffc800
R9 =0x0000000000001bea is an unknown value
R10=0x00000000fffffc00 is an unknown value
R11=0x00000fca302aa667 is an unknown value
R12=0x000070000a775730 is pointing into the stack for thread: 0x00007fca3bffc800
R13=0x000070000a775858 is pointing into the stack for thread: 0x00007fca3bffc800
R14=0x000070000a775828 is pointing into the stack for thread: 0x00007fca3bffc800
R15=0x000070000a775818 is pointing into the stack for thread: 0x00007fca3bffc800


Stack: [0x000070000a677000,0x000070000a777000],  sp=0x000070000a7756f8,  free space=1017k
Native frames: (J=compiled Java code, j=interpreted, Vv=VM code, C=native code)
C  [librocksdbjni8263394872339332942.jnilib+0x63698]  rocksdb::GetColumnFamilyID(rocksdb::ColumnFamilyHandle*)+0x8
C  [librocksdbjni8263394872339332942.jnilib+0x10259a]  rocksdb::DB::Put(rocksdb::WriteOptions const&, rocksdb::ColumnFamilyHandle*, rocksdb::Slice const&, rocksdb::Slice const&)+0x14a
C  [librocksdbjni8263394872339332942.jnilib+0x10243e]  rocksdb::DBImpl::Put(rocksdb::WriteOptions const&, rocksdb::ColumnFamilyHandle*, rocksdb::Slice const&, rocksdb::Slice const&)+0xe
C  [librocksdbjni8263394872339332942.jnilib+0x181b1]  rocksdb_put_helper(JNIEnv_*, rocksdb::DB*, rocksdb::WriteOptions const&, rocksdb::ColumnFamilyHandle*, _jbyteArray*, int, int, _jbyteArray*, int, int)+0x131
J 3333  org.rocksdb.RocksDB.put(JJ[BII[BIIJ)V (0 bytes) @ 0x00000001064d3bfe [0x00000001064d3b00+0xfe]
J 3331 C1 org.apache.hadoop.hdds.utils.db.RDBTable.put([B[B)V (50 bytes) @ 0x00000001064ecd94 [0x00000001064ecc60+0x134]
J 3330 C1 org.apache.hadoop.hdds.utils.db.RDBTable.put(Ljava/lang/Object;Ljava/lang/Object;)V (13 bytes) @ 0x00000001064ec89c [0x00000001064ec660+0x23c]
J 3236 C1 org.apache.hadoop.hdds.utils.db.TypedTable.put(Ljava/lang/Object;Ljava/lang/Object;)V (32 bytes) @ 0x000000010646cbbc [0x000000010646c360+0x85c]
j  org.apache.hadoop.hdds.scm.pipeline.PipelineStateManagerV2Impl.updatePipelineStateInDb(Lorg/apache/hadoop/hdds/scm/pipeline/PipelineID;Lorg/apache/hadoop/hdds/scm/pipeline/Pipeline$PipelineState;)V+17
j  org.apache.hadoop.hdds.scm.pipeline.PipelineStateManagerV2Impl.updatePipelineState(Lorg/apache/hadoop/hdds/protocol/proto/HddsProtos$PipelineID;Lorg/apache/hadoop/hdds/protocol/proto/HddsProtos$PipelineState;)V+49
v  ~StubRoutines::call_stub
V  [libjvm.dylib+0x2d4795]  JavaCalls::call_helper(JavaValue*, methodHandle*, JavaCallArguments*, Thread*)+0x771
V  [libjvm.dylib+0x4da0e7]  Reflection::invoke(instanceKlassHandle, methodHandle, Handle, bool, objArrayHandle, BasicType, objArrayHandle, bool, Thread*)+0x75b
V  [libjvm.dylib+0x4dadb6]  Reflection::invoke_method(oopDesc*, Handle, objArrayHandle, Thread*)+0x186
V  [libjvm.dylib+0x3463bd]  JVM_InvokeMethod+0x211
j  sun.reflect.NativeMethodAccessorImpl.invoke0(Ljava/lang/reflect/Method;Ljava/lang/Object;[Ljava/lang/Object;)Ljava/lang/Object;+0
j  sun.reflect.NativeMethodAccessorImpl.invoke(Ljava/lang/Object;[Ljava/lang/Object;)Ljava/lang/Object;+100
J 1940 C2 java.lang.reflect.Method.invoke(Ljava/lang/Object;[Ljava/lang/Object;)Ljava/lang/Object; (62 bytes) @ 0x00000001061b7168 [0x00000001061b70c0+0xa8]
J 3282 C1 org.apache.hadoop.hdds.scm.ha.MockSCMHAManager$MockRatisServer.process(Lorg/apache/hadoop/hdds/scm/ha/SCMRatisRequest;)Lorg/apache/ratis/protocol/Message; (174 bytes) @ 0x00000001064a3014 [0x00000001064a18a0+0x1774]
J 3147 C1 org.apache.hadoop.hdds.scm.ha.MockSCMHAManager$MockRatisServer.submitRequest(Lorg/apache/hadoop/hdds/scm/ha/SCMRatisRequest;)Lorg/apache/hadoop/hdds/scm/ha/SCMRatisResponse; (191 bytes) @ 0x000000010641ed54 [0x000000010641e3a0+0x9b4]
J 2968 C1 org.apache.hadoop.hdds.scm.ha.SCMHAInvocationHandler.invokeRatis(Ljava/lang/reflect/Method;[Ljava/lang/Object;)Ljava/lang/Object; (88 bytes) @ 0x000000010635529c [0x0000000106354f40+0x35c]
J 2748 C1 org.apache.hadoop.hdds.scm.ha.SCMHAInvocationHandler.invoke(Ljava/lang/Object;Ljava/lang/reflect/Method;[Ljava/lang/Object;)Ljava/lang/Object; (62 bytes) @ 0x000000010627874c [0x0000000106278100+0x64c]
j  com.sun.proxy.$Proxy15.updatePipelineState(Lorg/apache/hadoop/hdds/protocol/proto/HddsProtos$PipelineID;Lorg/apache/hadoop/hdds/protocol/proto/HddsProtos$PipelineState;)V+20
j  org.apache.hadoop.hdds.scm.pipeline.PipelineManagerV2Impl.closePipeline(Lorg/apache/hadoop/hdds/scm/pipeline/Pipeline;Z)V+32
j  org.apache.hadoop.hdds.scm.node.StaleNodeHandler.onMessage(Lorg/apache/hadoop/hdds/protocol/DatanodeDetails;Lorg/apache/hadoop/hdds/server/events/EventPublisher;)V+73
j  org.apache.hadoop.hdds.scm.node.StaleNodeHandler.onMessage(Ljava/lang/Object;Lorg/apache/hadoop/hdds/server/events/EventPublisher;)V+6
j  org.apache.hadoop.hdds.server.events.SingleThreadExecutor.lambda$onMessage$1(Lorg/apache/hadoop/hdds/server/events/EventHandler;Ljava/lang/Object;Lorg/apache/hadoop/hdds/server/events/EventPublisher;)V+3
j  org.apache.hadoop.hdds.server.events.SingleThreadExecutor$$Lambda$58.run()V+16
j  java.util.concurrent.ThreadPoolExecutor.runWorker(Ljava/util/concurrent/ThreadPoolExecutor$Worker;)V+95
j  java.util.concurrent.ThreadPoolExecutor$Worker.run()V+5
j  java.lang.Thread.run()V+11
v  ~StubRoutines::call_stub
V  [libjvm.dylib+0x2d4795]  JavaCalls::call_helper(JavaValue*, methodHandle*, JavaCallArguments*, Thread*)+0x771
V  [libjvm.dylib+0x2d3460]  JavaCalls::call_virtual(JavaValue*, KlassHandle, Symbol*, Symbol*, JavaCallArguments*, Thread*)+0x14a
V  [libjvm.dylib+0x2d367b]  JavaCalls::call_virtual(JavaValue*, Handle, KlassHandle, Symbol*, Symbol*, Thread*)+0x57
V  [libjvm.dylib+0x341cf5]  thread_entry(JavaThread*, Thread*)+0x78
V  [libjvm.dylib+0x564226]  JavaThread::thread_main_inner()+0x82
V  [libjvm.dylib+0x5640eb]  JavaThread::run()+0x19d
V  [libjvm.dylib+0x48f359]  java_start(Thread*)+0xfa
C  [libsystem_pthread.dylib+0x6109]  _pthread_start+0x94
C  [libsystem_pthread.dylib+0x1b8b]  thread_start+0xf
C  0x0000000000000000

Java frames: (J=compiled Java code, j=interpreted, Vv=VM code)
J 3333  org.rocksdb.RocksDB.put(JJ[BII[BIIJ)V (0 bytes) @ 0x00000001064d3b84 [0x00000001064d3b00+0x84]
J 3331 C1 org.apache.hadoop.hdds.utils.db.RDBTable.put([B[B)V (50 bytes) @ 0x00000001064ecd94 [0x00000001064ecc60+0x134]
J 3330 C1 org.apache.hadoop.hdds.utils.db.RDBTable.put(Ljava/lang/Object;Ljava/lang/Object;)V (13 bytes) @ 0x00000001064ec89c [0x00000001064ec660+0x23c]
J 3236 C1 org.apache.hadoop.hdds.utils.db.TypedTable.put(Ljava/lang/Object;Ljava/lang/Object;)V (32 bytes) @ 0x000000010646cbbc [0x000000010646c360+0x85c]
j  org.apache.hadoop.hdds.scm.pipeline.PipelineStateManagerV2Impl.updatePipelineStateInDb(Lorg/apache/hadoop/hdds/scm/pipeline/PipelineID;Lorg/apache/hadoop/hdds/scm/pipeline/Pipeline$PipelineState;)V+17
j  org.apache.hadoop.hdds.scm.pipeline.PipelineStateManagerV2Impl.updatePipelineState(Lorg/apache/hadoop/hdds/protocol/proto/HddsProtos$PipelineID;Lorg/apache/hadoop/hdds/protocol/proto/HddsProtos$PipelineState;)V+49
v  ~StubRoutines::call_stub
j  sun.reflect.NativeMethodAccessorImpl.invoke0(Ljava/lang/reflect/Method;Ljava/lang/Object;[Ljava/lang/Object;)Ljava/lang/Object;+0
j  sun.reflect.NativeMethodAccessorImpl.invoke(Ljava/lang/Object;[Ljava/lang/Object;)Ljava/lang/Object;+100
J 1940 C2 java.lang.reflect.Method.invoke(Ljava/lang/Object;[Ljava/lang/Object;)Ljava/lang/Object; (62 bytes) @ 0x00000001061b7168 [0x00000001061b70c0+0xa8]
J 3282 C1 org.apache.hadoop.hdds.scm.ha.MockSCMHAManager$MockRatisServer.process(Lorg/apache/hadoop/hdds/scm/ha/SCMRatisRequest;)Lorg/apache/ratis/protocol/Message; (174 bytes) @ 0x00000001064a3014 [0x00000001064a18a0+0x1774]
J 3147 C1 org.apache.hadoop.hdds.scm.ha.MockSCMHAManager$MockRatisServer.submitRequest(Lorg/apache/hadoop/hdds/scm/ha/SCMRatisRequest;)Lorg/apache/hadoop/hdds/scm/ha/SCMRatisResponse; (191 bytes) @ 0x000000010641ed54 [0x000000010641e3a0+0x9b4]
J 2968 C1 org.apache.hadoop.hdds.scm.ha.SCMHAInvocationHandler.invokeRatis(Ljava/lang/reflect/Method;[Ljava/lang/Object;)Ljava/lang/Object; (88 bytes) @ 0x000000010635529c [0x0000000106354f40+0x35c]
J 2748 C1 org.apache.hadoop.hdds.scm.ha.SCMHAInvocationHandler.invoke(Ljava/lang/Object;Ljava/lang/reflect/Method;[Ljava/lang/Object;)Ljava/lang/Object; (62 bytes) @ 0x000000010627874c [0x0000000106278100+0x64c]
j  com.sun.proxy.$Proxy15.updatePipelineState(Lorg/apache/hadoop/hdds/protocol/proto/HddsProtos$PipelineID;Lorg/apache/hadoop/hdds/protocol/proto/HddsProtos$PipelineState;)V+20
j  org.apache.hadoop.hdds.scm.pipeline.PipelineManagerV2Impl.closePipeline(Lorg/apache/hadoop/hdds/scm/pipeline/Pipeline;Z)V+32
j  org.apache.hadoop.hdds.scm.node.StaleNodeHandler.onMessage(Lorg/apache/hadoop/hdds/protocol/DatanodeDetails;Lorg/apache/hadoop/hdds/server/events/EventPublisher;)V+73
j  org.apache.hadoop.hdds.scm.node.StaleNodeHandler.onMessage(Ljava/lang/Object;Lorg/apache/hadoop/hdds/server/events/EventPublisher;)V+6
j  org.apache.hadoop.hdds.server.events.SingleThreadExecutor.lambda$onMessage$1(Lorg/apache/hadoop/hdds/server/events/EventHandler;Ljava/lang/Object;Lorg/apache/hadoop/hdds/server/events/EventPublisher;)V+3
j  org.apache.hadoop.hdds.server.events.SingleThreadExecutor$$Lambda$58.run()V+16
j  java.util.concurrent.ThreadPoolExecutor.runWorker(Ljava/util/concurrent/ThreadPoolExecutor$Worker;)V+95
j  java.util.concurrent.ThreadPoolExecutor$Worker.run()V+5
j  java.lang.Thread.run()V+11
v  ~StubRoutines::call_stub

---------------  P R O C E S S  ---------------

Java Threads: ( => current thread )
=>0x00007fca3bffc800 JavaThread "EventQueue-StaleNodeForStaleNodeHandler" daemon [_thread_in_native, id=34831, stack(0x000070000a677000,0x000070000a777000)]
  0x00007fca3da7f000 JavaThread "ForkJoinPool.commonPool-worker-5" daemon [_thread_blocked, id=84739, stack(0x000070000c4d1000,0x000070000c5d1000)]
  0x00007fca3c029800 JavaThread "ForkJoinPool.commonPool-worker-14" daemon [_thread_blocked, id=45315, stack(0x000070000c3ce000,0x000070000c4ce000)]
  0x00007fca3c02d800 JavaThread "ForkJoinPool.commonPool-worker-12" daemon [_thread_blocked, id=85251, stack(0x000070000c2cb000,0x000070000c3cb000)]
  0x00007fca3d1d8800 JavaThread "IPC Server idle connection scanner for port 62216" daemon [_thread_blocked, id=25623, stack(0x000070000b9b0000,0x000070000bab0000)]
  0x00007fca3d1d2800 JavaThread "IPC Server idle connection scanner for port 62215" daemon [_thread_blocked, id=86535, stack(0x000070000b095000,0x000070000b195000)]
  0x00007fca3d1d4800 JavaThread "IPC Server idle connection scanner for port 62214" daemon [_thread_blocked, id=29203, stack(0x000070000aa83000,0x000070000ab83000)]
  0x00007fca3caca800 JavaThread "ForkJoinPool.commonPool-worker-3" daemon [_thread_blocked, id=32771, stack(0x000070000b8ad000,0x000070000b9ad000)]
  0x00007fca3cac9800 JavaThread "ForkJoinPool.commonPool-worker-10" daemon [_thread_blocked, id=33283, stack(0x000070000b7aa000,0x000070000b8aa000)]
  0x00007fca42818000 JavaThread "ForkJoinPool.commonPool-worker-8" daemon [_thread_blocked, id=30979, stack(0x000070000b6a7000,0x000070000b7a7000)]
  0x00007fca3dbca800 JavaThread "ForkJoinPool.commonPool-worker-1" daemon [_thread_blocked, id=30723, stack(0x000070000b5a4000,0x000070000b6a4000)]
  0x00007fca3e01a000 JavaThread "ForkJoinPool.commonPool-worker-15" daemon [_thread_blocked, id=30467, stack(0x000070000b4a1000,0x000070000b5a1000)]
  0x00007fca3e019000 JavaThread "ForkJoinPool.commonPool-worker-6" daemon [_thread_blocked, id=34307, stack(0x000070000b39e000,0x000070000b49e000)]
  0x00007fca3cac9000 JavaThread "ForkJoinPool.commonPool-worker-4" daemon [_thread_blocked, id=29699, stack(0x000070000b198000,0x000070000b298000)]
  0x00007fca3a33e800 JavaThread "ForkJoinPool.commonPool-worker-9" daemon [_thread_blocked, id=28419, stack(0x000070000ae8f000,0x000070000af8f000)]
  0x00007fca3ba88800 JavaThread "IPC Server idle connection scanner for port 62204" daemon [_thread_blocked, id=26883, stack(0x000070000a574000,0x000070000a674000)]
  0x00007fca3ca9f800 JavaThread "IPC Server idle connection scanner for port 62203" daemon [_thread_blocked, id=38659, stack(0x000070000a36e000,0x000070000a46e000)]
  0x00007fca3a2cd000 JavaThread "IPC Server idle connection scanner for port 62202" daemon [_thread_blocked, id=39427, stack(0x000070000a168000,0x000070000a268000)]
  0x00007fca3bda6000 JavaThread "Attach Listener" daemon [_thread_blocked, id=23299, stack(0x00007000094a9000,0x00007000095a9000)]
  0x00007fca3bda5800 JavaThread "process reaper" daemon [_thread_blocked, id=22787, stack(0x000070000947e000,0x00007000094a6000)]
  0x00007fca3d038000 JavaThread "Service Thread" daemon [_thread_blocked, id=43011, stack(0x0000700009278000,0x0000700009378000)]
  0x00007fca3d037800 JavaThread "C1 CompilerThread3" daemon [_thread_blocked, id=21763, stack(0x0000700009175000,0x0000700009275000)]
  0x00007fca3d824000 JavaThread "C2 CompilerThread2" daemon [_thread_in_native, id=14595, stack(0x0000700009072000,0x0000700009172000)]
  0x00007fca3b010000 JavaThread "C2 CompilerThread1" daemon [_thread_blocked, id=14083, stack(0x0000700008f6f000,0x000070000906f000)]
  0x00007fca3d823800 JavaThread "C2 CompilerThread0" daemon [_thread_blocked, id=15363, stack(0x0000700008e6c000,0x0000700008f6c000)]
  0x00007fca3d831000 JavaThread "Monitor Ctrl-Break" daemon [_thread_in_native, id=15875, stack(0x0000700008d69000,0x0000700008e69000)]
  0x00007fca3b008800 JavaThread "Signal Dispatcher" daemon [_thread_blocked, id=16131, stack(0x0000700008c66000,0x0000700008d66000)]
  0x00007fca3d034000 JavaThread "Finalizer" daemon [_thread_blocked, id=18947, stack(0x0000700008a5d000,0x0000700008b5d000)]
  0x00007fca3a028800 JavaThread "Reference Handler" daemon [_thread_blocked, id=12291, stack(0x000070000895a000,0x0000700008a5a000)]
  0x00007fca3d00d800 JavaThread "Listener at 0.0.0.0/62216" [_thread_in_native, id=4099, stack(0x0000700007d36000,0x0000700007e36000)]

Other Threads:
  0x00007fca3a028000 VMThread [stack: 0x0000700008857000,0x0000700008957000] [id=19459]
  0x00007fca3a02d000 WatcherThread [stack: 0x000070000937b000,0x000070000947b000] [id=22275]

VM state:not at safepoint (normal execution)

VM Mutex/Monitor currently owned by a thread: None

heap address: 0x0000000740000000, size: 2048 MB, Compressed Oops mode: Zero based, Oop shift amount: 3
Narrow klass base: 0x0000000000000000, Narrow klass shift: 3
Compressed class space size: 1073741824 Address: 0x00000007c0000000

Heap:
 PSYoungGen      total 247808K, used 122376K [0x0000000795580000, 0x00000007aa680000, 0x00000007c0000000)
  eden space 233472K, 51% used [0x0000000795580000,0x000000079cab60a0,0x00000007a3980000)
  from space 14336K, 16% used [0x00000007a3980000,0x00000007a3bcc020,0x00000007a4780000)
  to   space 14848K, 0% used [0x00000007a9800000,0x00000007a9800000,0x00000007aa680000)
 ParOldGen       total 110080K, used 24536K [0x0000000740000000, 0x0000000746b80000, 0x0000000795580000)
  object space 110080K, 22% used [0x0000000740000000,0x00000007417f61b8,0x0000000746b80000)
 Metaspace       used 27219K, capacity 27818K, committed 27904K, reserved 1073152K
  class space    used 3181K, capacity 3324K, committed 3328K, reserved 1048576K

Card table byte_map: [0x00000001047c0000,0x0000000104bc1000] byte_map_base: 0x0000000100dc0000

Marking Bits: (ParMarkBitMap*) 0x000000010549b768
 Begin Bits: [0x0000000114e2b000, 0x0000000116e2b000)
 End Bits:   [0x0000000116e2b000, 0x0000000118e2b000)

Polling page: 0x0000000102a70000

CodeCache: size=245760Kb used=10810Kb max_used=10827Kb free=234949Kb
 bounds [0x0000000105b80000, 0x0000000106630000, 0x0000000114b80000]
 total_blobs=3820 nmethods=3296 adapters=437
 compilation: enabled

Compilation events (10 events):
Event: 27.659 Thread 0x00007fca3b010000 3604   !   4       java.util.concurrent.ConcurrentHashMap::computeIfAbsent (493 bytes)
Event: 27.663 Thread 0x00007fca3d823800 nmethod 3603 0x000000010661a310 code [0x000000010661a460, 0x000000010661a698]
Event: 27.663 Thread 0x00007fca3d823800 3605       4       java.nio.Buffer::nextPutIndex (32 bytes)
Event: 27.663 Thread 0x00007fca3d823800 nmethod 3605 0x000000010661a090 code [0x000000010661a1e0, 0x000000010661a278]
Event: 27.670 Thread 0x00007fca3d037800 3606       3       java.util.concurrent.locks.ReentrantLock::lock (8 bytes)
Event: 27.670 Thread 0x00007fca3d037800 nmethod 3606 0x0000000106609d10 code [0x0000000106609e80, 0x000000010660a0a8]
Event: 27.671 Thread 0x00007fca3d037800 3607       3       org.apache.hadoop.hdds.scm.pipeline.PipelineProvider$$Lambda$60/650029586::test (8 bytes)
Event: 27.671 Thread 0x00007fca3d037800 nmethod 3607 0x0000000106609890 code [0x0000000106609a00, 0x0000000106609c68]
Event: 27.672 Thread 0x00007fca3d037800 3608       3       java.util.AbstractCollection::isEmpty (13 bytes)
Event: 27.672 Thread 0x00007fca3d037800 nmethod 3608 0x0000000106606bd0 code [0x0000000106606d40, 0x0000000106606fa8]

GC Heap History (10 events):
Event: 23.850 GC heap before
{Heap before GC invocations=10 (full 1):
 PSYoungGen      total 136704K, used 136696K [0x0000000795580000, 0x000000079ee80000, 0x00000007c0000000)
  eden space 127488K, 100% used [0x0000000795580000,0x000000079d200000,0x000000079d200000)
  from space 9216K, 99% used [0x000000079dd00000,0x000000079e5fe010,0x000000079e600000)
  to   space 11264K, 0% used [0x000000079d200000,0x000000079d200000,0x000000079dd00000)
 ParOldGen       total 110080K, used 9892K [0x0000000740000000, 0x0000000746b80000, 0x0000000795580000)
  object space 110080K, 8% used [0x0000000740000000,0x00000007409a90e0,0x0000000746b80000)
 Metaspace       used 27140K, capacity 27668K, committed 27904K, reserved 1073152K
  class space    used 3178K, capacity 3321K, committed 3328K, reserved 1048576K
Event: 23.857 GC heap after
Heap after GC invocations=10 (full 1):
 PSYoungGen      total 138752K, used 11232K [0x0000000795580000, 0x00000007a1680000, 0x00000007c0000000)
  eden space 127488K, 0% used [0x0000000795580000,0x0000000795580000,0x000000079d200000)
  from space 11264K, 99% used [0x000000079d200000,0x000000079dcf8078,0x000000079dd00000)
  to   space 13312K, 0% used [0x00000007a0980000,0x00000007a0980000,0x00000007a1680000)
 ParOldGen       total 110080K, used 11924K [0x0000000740000000, 0x0000000746b80000, 0x0000000795580000)
  object space 110080K, 10% used [0x0000000740000000,0x0000000740ba5100,0x0000000746b80000)
 Metaspace       used 27140K, capacity 27668K, committed 27904K, reserved 1073152K
  class space    used 3178K, capacity 3321K, committed 3328K, reserved 1048576K
}
Event: 24.530 GC heap before
{Heap before GC invocations=11 (full 1):
 PSYoungGen      total 138752K, used 138720K [0x0000000795580000, 0x00000007a1680000, 0x00000007c0000000)
  eden space 127488K, 100% used [0x0000000795580000,0x000000079d200000,0x000000079d200000)
  from space 11264K, 99% used [0x000000079d200000,0x000000079dcf8078,0x000000079dd00000)
  to   space 13312K, 0% used [0x00000007a0980000,0x00000007a0980000,0x00000007a1680000)
 ParOldGen       total 110080K, used 11924K [0x0000000740000000, 0x0000000746b80000, 0x0000000795580000)
  object space 110080K, 10% used [0x0000000740000000,0x0000000740ba5100,0x0000000746b80000)
 Metaspace       used 27162K, capacity 27744K, committed 27904K, reserved 1073152K
  class space    used 3181K, capacity 3323K, committed 3328K, reserved 1048576K
Event: 24.544 GC heap after
Heap after GC invocations=11 (full 1):
 PSYoungGen      total 183296K, used 11697K [0x0000000795580000, 0x00000007a1c80000, 0x00000007c0000000)
  eden space 169984K, 0% used [0x0000000795580000,0x0000000795580000,0x000000079fb80000)
  from space 13312K, 87% used [0x00000007a0980000,0x00000007a14ec530,0x00000007a1680000)
  to   space 14336K, 0% used [0x000000079fb80000,0x000000079fb80000,0x00000007a0980000)
 ParOldGen       total 110080K, used 13142K [0x0000000740000000, 0x0000000746b80000, 0x0000000795580000)
  object space 110080K, 11% used [0x0000000740000000,0x0000000740cd5908,0x0000000746b80000)
 Metaspace       used 27162K, capacity 27744K, committed 27904K, reserved 1073152K
  class space    used 3181K, capacity 3323K, committed 3328K, reserved 1048576K
}
Event: 25.337 GC heap before
{Heap before GC invocations=12 (full 1):
 PSYoungGen      total 183296K, used 181681K [0x0000000795580000, 0x00000007a1c80000, 0x00000007c0000000)
  eden space 169984K, 100% used [0x0000000795580000,0x000000079fb80000,0x000000079fb80000)
  from space 13312K, 87% used [0x00000007a0980000,0x00000007a14ec530,0x00000007a1680000)
  to   space 14336K, 0% used [0x000000079fb80000,0x000000079fb80000,0x00000007a0980000)
 ParOldGen       total 110080K, used 13142K [0x0000000740000000, 0x0000000746b80000, 0x0000000795580000)
  object space 110080K, 11% used [0x0000000740000000,0x0000000740cd5908,0x0000000746b80000)
 Metaspace       used 27162K, capacity 27744K, committed 27904K, reserved 1073152K
  class space    used 3181K, capacity 3323K, committed 3328K, reserved 1048576K
Event: 25.349 GC heap after
Heap after GC invocations=12 (full 1):
 PSYoungGen      total 184320K, used 9872K [0x0000000795580000, 0x00000007a5700000, 0x00000007c0000000)
  eden space 169984K, 0% used [0x0000000795580000,0x0000000795580000,0x000000079fb80000)
  from space 14336K, 68% used [0x000000079fb80000,0x00000007a05243c0,0x00000007a0980000)
  to   space 14336K, 0% used [0x00000007a4900000,0x00000007a4900000,0x00000007a5700000)
 ParOldGen       total 110080K, used 15615K [0x0000000740000000, 0x0000000746b80000, 0x0000000795580000)
  object space 110080K, 14% used [0x0000000740000000,0x0000000740f3fd60,0x0000000746b80000)
 Metaspace       used 27162K, capacity 27744K, committed 27904K, reserved 1073152K
  class space    used 3181K, capacity 3323K, committed 3328K, reserved 1048576K
}
Event: 26.069 GC heap before
{Heap before GC invocations=13 (full 1):
 PSYoungGen      total 184320K, used 179856K [0x0000000795580000, 0x00000007a5700000, 0x00000007c0000000)
  eden space 169984K, 100% used [0x0000000795580000,0x000000079fb80000,0x000000079fb80000)
  from space 14336K, 68% used [0x000000079fb80000,0x00000007a05243c0,0x00000007a0980000)
  to   space 14336K, 0% used [0x00000007a4900000,0x00000007a4900000,0x00000007a5700000)
 ParOldGen       total 110080K, used 15615K [0x0000000740000000, 0x0000000746b80000, 0x0000000795580000)
  object space 110080K, 14% used [0x0000000740000000,0x0000000740f3fd60,0x0000000746b80000)
 Metaspace       used 27162K, capacity 27744K, committed 27904K, reserved 1073152K
  class space    used 3181K, capacity 3323K, committed 3328K, reserved 1048576K
Event: 26.076 GC heap after
Heap after GC invocations=13 (full 1):
 PSYoungGen      total 246272K, used 5984K [0x0000000795580000, 0x00000007a5580000, 0x00000007c0000000)
  eden space 233472K, 0% used [0x0000000795580000,0x0000000795580000,0x00000007a3980000)
  from space 12800K, 46% used [0x00000007a4900000,0x00000007a4ed8380,0x00000007a5580000)
  to   space 14336K, 0% used [0x00000007a3980000,0x00000007a3980000,0x00000007a4780000)
 ParOldGen       total 110080K, used 20087K [0x0000000740000000, 0x0000000746b80000, 0x0000000795580000)
  object space 110080K, 18% used [0x0000000740000000,0x000000074139dee0,0x0000000746b80000)
 Metaspace       used 27162K, capacity 27744K, committed 27904K, reserved 1073152K
  class space    used 3181K, capacity 3323K, committed 3328K, reserved 1048576K
}
Event: 27.184 GC heap before
{Heap before GC invocations=14 (full 1):
 PSYoungGen      total 246272K, used 239456K [0x0000000795580000, 0x00000007a5580000, 0x00000007c0000000)
  eden space 233472K, 100% used [0x0000000795580000,0x00000007a3980000,0x00000007a3980000)
  from space 12800K, 46% used [0x00000007a4900000,0x00000007a4ed8380,0x00000007a5580000)
  to   space 14336K, 0% used [0x00000007a3980000,0x00000007a3980000,0x00000007a4780000)
 ParOldGen       total 110080K, used 20087K [0x0000000740000000, 0x0000000746b80000, 0x0000000795580000)
  object space 110080K, 18% used [0x0000000740000000,0x000000074139dee0,0x0000000746b80000)
 Metaspace       used 27200K, capacity 27750K, committed 27904K, reserved 1073152K
  class space    used 3181K, capacity 3324K, committed 3328K, reserved 1048576K
Event: 27.191 GC heap after
Heap after GC invocations=14 (full 1):
 PSYoungGen      total 247808K, used 2352K [0x0000000795580000, 0x00000007aa680000, 0x00000007c0000000)
  eden space 233472K, 0% used [0x0000000795580000,0x0000000795580000,0x00000007a3980000)
  from space 14336K, 16% used [0x00000007a3980000,0x00000007a3bcc020,0x00000007a4780000)
  to   space 14848K, 0% used [0x00000007a9800000,0x00000007a9800000,0x00000007aa680000)
 ParOldGen       total 110080K, used 24536K [0x0000000740000000, 0x0000000746b80000, 0x0000000795580000)
  object space 110080K, 22% used [0x0000000740000000,0x00000007417f61b8,0x0000000746b80000)
 Metaspace       used 27200K, capacity 27750K, committed 27904K, reserved 1073152K
  class space    used 3181K, capacity 3324K, committed 3328K, reserved 1048576K
}

Deoptimization events (10 events):
Event: 27.581 Thread 0x00007fca3a237800 Uncommon trap: reason=unstable_if action=reinterpret pc=0x0000000106522824 method=java.util.concurrent.ThreadPoolExecutor.getTask()Ljava/lang/Runnable; @ 16
Event: 27.669 Thread 0x00007fca3bcca000 Uncommon trap: reason=unstable_if action=reinterpret pc=0x00000001065958ec method=java.util.concurrent.locks.AbstractQueuedSynchronizer.acquireQueued(Ljava/util/concurrent/locks/AbstractQueuedSynchronizer$Node;I)Z @ 70
Event: 27.671 Thread 0x00007fca3bffc800 Uncommon trap: reason=unstable_if action=reinterpret pc=0x000000010661aefc method=java.lang.reflect.Executable.separateWithCommas([Ljava/lang/Class;Ljava/lang/StringBuilder;)V @ 24
Event: 27.671 Thread 0x00007fca3bffc800 Uncommon trap: reason=class_check action=maybe_recompile pc=0x000000010624a038 method=java.util.AbstractCollection.addAll(Ljava/util/Collection;)Z @ 3
Event: 27.671 Thread 0x00007fca3bffc800 Uncommon trap: reason=bimorphic action=maybe_recompile pc=0x000000010651b854 method=org.apache.hadoop.hdds.server.events.SingleThreadExecutor.lambda$onMessage$1(Lorg/apache/hadoop/hdds/server/events/EventHandler;Ljava/lang/Object;Lorg/apache/hadoop/hdds/s
Event: 27.671 Thread 0x00007fca3a3db000 Uncommon trap: reason=unstable_if action=reinterpret pc=0x000000010623f7e8 method=org.apache.hadoop.hdds.scm.pipeline.PipelineProvider.lambda$pickNodesNeverUsed$0(Lorg/apache/hadoop/hdds/scm/pipeline/Pipeline;)Z @ 36
Event: 27.672 Thread 0x00007fca3d00d800 Uncommon trap: reason=unstable_if action=reinterpret pc=0x000000010655bae8 method=java.util.stream.ReduceOps$3.getOpFlags()I @ 17
Event: 27.672 Thread 0x00007fca3d00d800 Uncommon trap: reason=class_check action=maybe_recompile pc=0x00000001065881c4 method=java.util.stream.ReduceOps$3ReducingSink.begin(J)V @ 5
Event: 27.672 Thread 0x00007fca3b848000 Uncommon trap: reason=unstable_if action=reinterpret pc=0x0000000106589628 method=java.util.concurrent.locks.AbstractQueuedSynchronizer.acquireQueued(Ljava/util/concurrent/locks/AbstractQueuedSynchronizer$Node;I)Z @ 70
Event: 27.672 Thread 0x00007fca3b849000 Uncommon trap: reason=unstable_if action=reinterpret pc=0x0000000106522810 method=java.util.concurrent.locks.AbstractQueuedSynchronizer$ConditionObject.await()V @ 52

Classes redefined (0 events):
No events

Internal exceptions (10 events):
Event: 22.022 Thread 0x00007fca3d00d800 Exception <a 'sun/nio/fs/UnixException'> (0x000000079845e3f8) thrown at [/jenkins/workspace/8-2-build-macosx-x86_64/jdk8u271/605/hotspot/src/share/vm/prims/jni.cpp, line 710]
Event: 22.022 Thread 0x00007fca3d00d800 Exception <a 'sun/nio/fs/UnixException'> (0x000000079845ec08) thrown at [/jenkins/workspace/8-2-build-macosx-x86_64/jdk8u271/605/hotspot/src/share/vm/prims/jni.cpp, line 710]
Event: 22.023 Thread 0x00007fca3d00d800 Exception <a 'sun/nio/fs/UnixException'> (0x00000007984646f8) thrown at [/jenkins/workspace/8-2-build-macosx-x86_64/jdk8u271/605/hotspot/src/share/vm/prims/jni.cpp, line 710]
Event: 22.023 Thread 0x00007fca3d00d800 Exception <a 'sun/nio/fs/UnixException'> (0x0000000798465068) thrown at [/jenkins/workspace/8-2-build-macosx-x86_64/jdk8u271/605/hotspot/src/share/vm/prims/jni.cpp, line 710]
Event: 22.023 Thread 0x00007fca3d00d800 Exception <a 'sun/nio/fs/UnixException'> (0x0000000798465858) thrown at [/jenkins/workspace/8-2-build-macosx-x86_64/jdk8u271/605/hotspot/src/share/vm/prims/jni.cpp, line 710]
Event: 22.023 Thread 0x00007fca3d00d800 Exception <a 'sun/nio/fs/UnixException'> (0x0000000798466170) thrown at [/jenkins/workspace/8-2-build-macosx-x86_64/jdk8u271/605/hotspot/src/share/vm/prims/jni.cpp, line 710]
Event: 24.073 Thread 0x00007fca41833000 Implicit null exception at 0x00000001064aec60 to 0x00000001064aecea
Event: 27.580 Thread 0x00007fca3bd8a000 Exception <a 'java/lang/InterruptedException': sleep interrupted> (0x000000079ac39ae0) thrown at [/jenkins/workspace/8-2-build-macosx-x86_64/jdk8u271/605/hotspot/src/share/vm/prims/jvm.cpp, line 3346]
Event: 27.580 Thread 0x00007fca41833000 Exception <a 'java/lang/InterruptedException': sleep interrupted> (0x000000079ac52218) thrown at [/jenkins/workspace/8-2-build-macosx-x86_64/jdk8u271/605/hotspot/src/share/vm/prims/jvm.cpp, line 3346]
Event: 27.673 Thread 0x00007fca3a3db000 Exception <a 'java/lang/InterruptedException'> (0x000000079c36e370) thrown at [/jenkins/workspace/8-2-build-macosx-x86_64/jdk8u271/605/hotspot/src/share/vm/runtime/objectMonitor.cpp, line 1497]

Events (10 events):
Event: 27.672 Thread 0x00007fca3b848000 DEOPT UNPACKING pc=0x0000000105bc573a sp=0x000070000bfbe790 mode 2
Event: 27.672 Thread 0x00007fca3b849000 Uncommon trap: trap_request=0xffffff65 fr.pc=0x0000000106522810
Event: 27.672 Thread 0x00007fca3b849000 DEOPT PACKING pc=0x0000000106522810 sp=0x000070000c0c1920
Event: 27.672 Thread 0x00007fca3b849000 DEOPT UNPACKING pc=0x0000000105bc573a sp=0x000070000c0c1828 mode 2
Event: 27.672 Thread 0x00007fca3b848000 Thread exited: 0x00007fca3b848000
Event: 27.672 Thread 0x00007fca3b849000 Thread exited: 0x00007fca3b849000
Event: 27.673 Thread 0x00007fca3d037800 flushing nmethod 0x0000000105d35710
Event: 27.674 Thread 0x00007fca3a3db000 Thread exited: 0x00007fca3a3db000
Event: 27.674 Executing VM operation: RevokeBias
Event: 27.674 Executing VM operation: RevokeBias done


Dynamic libraries:
0x00007fff2fdc0000 	/System/Library/Frameworks/Cocoa.framework/Versions/A/Cocoa
0x00007fff3d5b9000 	/System/Library/Frameworks/Security.framework/Versions/A/Security
0x00007fff2ed25000 	/System/Library/Frameworks/ApplicationServices.framework/Versions/A/ApplicationServices
0x00007fff6a0dd000 	/usr/lib/libz.1.dylib
0x00007fff67ba1000 	/usr/lib/libSystem.B.dylib
0x00007fff30c62000 	/System/Library/Frameworks/CoreFoundation.framework/Versions/A/CoreFoundation
0x00007fff3331f000 	/System/Library/Frameworks/Foundation.framework/Versions/C/Foundation
0x00007fff69a01000 	/usr/lib/libobjc.A.dylib
0x00007fff2df15000 	/System/Library/Frameworks/AppKit.framework/Versions/C/AppKit
0x00007fff30744000 	/System/Library/Frameworks/CoreData.framework/Versions/A/CoreData
0x00007fff61bb6000 	/System/Library/PrivateFrameworks/UIFoundation.framework/Versions/A/UIFoundation
0x00007fff5cc4a000 	/System/Library/PrivateFrameworks/RemoteViewServices.framework/Versions/A/RemoteViewServices
0x00007fff64711000 	/System/Library/PrivateFrameworks/XCTTargetBootstrap.framework/Versions/A/XCTTargetBootstrap
0x00007fff30b2f000 	/System/Library/Frameworks/CoreDisplay.framework/Versions/A/CoreDisplay
0x00007fff361da000 	/System/Library/Frameworks/Metal.framework/Versions/A/Metal
0x00007fff4ac4d000 	/System/Library/PrivateFrameworks/DesktopServicesPriv.framework/Versions/A/DesktopServicesPriv
0x00007fff68cdc000 	/usr/lib/liblangid.dylib
0x00007fff49ee2000 	/System/Library/PrivateFrameworks/CoreSVG.framework/Versions/A/CoreSVG
0x00007fff5fda6000 	/System/Library/PrivateFrameworks/SkyLight.framework/Versions/A/SkyLight
0x00007fff310e3000 	/System/Library/Frameworks/CoreGraphics.framework/Versions/A/CoreGraphics
0x00007fff2c8e9000 	/System/Library/Frameworks/Accelerate.framework/Versions/A/Accelerate
0x00007fff69fce000 	/usr/lib/libxml2.2.dylib
0x00007fff55bd5000 	/System/Library/PrivateFrameworks/IconServices.framework/Versions/A/IconServices
0x00007fff33afe000 	/System/Library/Frameworks/IOSurface.framework/Versions/A/IOSurface
0x00007fff676cb000 	/usr/lib/libDiagnosticMessagesClient.dylib
0x00007fff4aaa7000 	/System/Library/PrivateFrameworks/DFRFoundation.framework/Versions/A/DFRFoundation
0x00007fff68a6b000 	/usr/lib/libicucore.A.dylib
0x00007fff2f057000 	/System/Library/Frameworks/AudioToolbox.framework/Versions/A/AudioToolbox
0x00007fff2f13a000 	/System/Library/Frameworks/AudioUnit.framework/Versions/A/AudioUnit
0x00007fff67da3000 	/usr/lib/libauto.dylib
0x00007fff4ab49000 	/System/Library/PrivateFrameworks/DataDetectorsCore.framework/Versions/A/DataDetectorsCore
0x00007fff2f8e1000 	/System/Library/Frameworks/Carbon.framework/Versions/A/Frameworks/HIToolbox.framework/Versions/A/HIToolbox
0x00007fff3c7b3000 	/System/Library/Frameworks/QuartzCore.framework/Versions/A/QuartzCore
0x00007fff2fc20000 	/System/Library/Frameworks/Carbon.framework/Versions/A/Frameworks/SpeechRecognition.framework/Versions/A/SpeechRecognition
0x00007fff4a5bb000 	/System/Library/PrivateFrameworks/CoreUI.framework/Versions/A/CoreUI
0x00007fff301af000 	/System/Library/Frameworks/CoreAudio.framework/Versions/A/CoreAudio
0x00007fff32fde000 	/System/Library/Frameworks/DiskArbitration.framework/Versions/A/DiskArbitration
0x00007fff57c25000 	/System/Library/PrivateFrameworks/MultitouchSupport.framework/Versions/A/MultitouchSupport
0x00007fff68932000 	/usr/lib/libenergytrace.dylib
0x00007fff33a58000 	/System/Library/Frameworks/IOKit.framework/Versions/A/IOKit
0x00007fff3204a000 	/System/Library/Frameworks/CoreServices.framework/Versions/A/CoreServices
0x00007fff59ddd000 	/System/Library/PrivateFrameworks/PerformanceAnalysis.framework/Versions/A/PerformanceAnalysis
0x00007fff3b7e6000 	/System/Library/Frameworks/OpenGL.framework/Versions/A/OpenGL
0x00007fff2fdce000 	/System/Library/Frameworks/ColorSync.framework/Versions/A/ColorSync
0x00007fff31766000 	/System/Library/Frameworks/CoreImage.framework/Versions/A/CoreImage
0x00007fff32abd000 	/System/Library/Frameworks/CoreText.framework/Versions/A/CoreText
0x00007fff33b8e000 	/System/Library/Frameworks/ImageIO.framework/Versions/A/ImageIO
0x00007fff67e87000 	/usr/lib/libc++.1.dylib
0x00007fff67f03000 	/usr/lib/libcompression.dylib
0x00007fff67a0f000 	/usr/lib/libMobileGestalt.dylib
0x00007fff61920000 	/System/Library/PrivateFrameworks/TextureIO.framework/Versions/A/TextureIO
0x00007fff67d06000 	/usr/lib/libate.dylib
0x00007fff55dde000 	/System/Library/PrivateFrameworks/InternationalSupport.framework/Versions/A/InternationalSupport
0x00007fff6a99e000 	/usr/lib/system/libcache.dylib
0x00007fff6a9a4000 	/usr/lib/system/libcommonCrypto.dylib
0x00007fff6a9b0000 	/usr/lib/system/libcompiler_rt.dylib
0x00007fff6a9b8000 	/usr/lib/system/libcopyfile.dylib
0x00007fff6a9c2000 	/usr/lib/system/libcorecrypto.dylib
0x00007fff6ab61000 	/usr/lib/system/libdispatch.dylib
0x00007fff6aba2000 	/usr/lib/system/libdyld.dylib
0x00007fff6abd9000 	/usr/lib/system/libkeymgr.dylib
0x00007fff6abe7000 	/usr/lib/system/liblaunch.dylib
0x00007fff6abe8000 	/usr/lib/system/libmacho.dylib
0x00007fff6abee000 	/usr/lib/system/libquarantine.dylib
0x00007fff6abf1000 	/usr/lib/system/libremovefile.dylib
0x00007fff6abf3000 	/usr/lib/system/libsystem_asl.dylib
0x00007fff6ac0b000 	/usr/lib/system/libsystem_blocks.dylib
0x00007fff6ac0c000 	/usr/lib/system/libsystem_c.dylib
0x00007fff6ac94000 	/usr/lib/system/libsystem_configuration.dylib
0x00007fff6ac98000 	/usr/lib/system/libsystem_coreservices.dylib
0x00007fff6ac9c000 	/usr/lib/system/libsystem_darwin.dylib
0x00007fff6aca5000 	/usr/lib/system/libsystem_dnssd.dylib
0x00007fff6acad000 	/usr/lib/system/libsystem_featureflags.dylib
0x00007fff6acaf000 	/usr/lib/system/libsystem_info.dylib
0x00007fff6ad2a000 	/usr/lib/system/libsystem_m.dylib
0x00007fff6ad72000 	/usr/lib/system/libsystem_malloc.dylib
0x00007fff6ad9a000 	/usr/lib/system/libsystem_networkextension.dylib
0x00007fff6ada8000 	/usr/lib/system/libsystem_notify.dylib
0x00007fff6adc6000 	/usr/lib/system/libsystem_sandbox.dylib
0x00007fff6adcb000 	/usr/lib/system/libsystem_secinit.dylib
0x00007fff6acfd000 	/usr/lib/system/libsystem_kernel.dylib
0x00007fff6adb2000 	/usr/lib/system/libsystem_platform.dylib
0x00007fff6adbb000 	/usr/lib/system/libsystem_pthread.dylib
0x00007fff6adce000 	/usr/lib/system/libsystem_symptoms.dylib
0x00007fff6add6000 	/usr/lib/system/libsystem_trace.dylib
0x00007fff6adee000 	/usr/lib/system/libunwind.dylib
0x00007fff6adf4000 	/usr/lib/system/libxpc.dylib
0x00007fff67eda000 	/usr/lib/libc++abi.dylib
0x00007fff68cde000 	/usr/lib/liblzma.5.dylib
0x00007fff68959000 	/usr/lib/libfakelink.dylib
0x00007fff67c93000 	/usr/lib/libarchive.2.dylib
0x00007fff3e66a000 	/System/Library/Frameworks/SystemConfiguration.framework/Versions/A/SystemConfiguration
0x00007fff675fe000 	/usr/lib/libCRFSuite.dylib
0x00007fff2f4d1000 	/System/Library/Frameworks/CFNetwork.framework/Versions/A/CFNetwork
0x00007fff67e69000 	/usr/lib/libbsm.0.dylib
0x00007fff6abda000 	/usr/lib/system/libkxld.dylib
0x00007fff44424000 	/System/Library/PrivateFrameworks/AppleFSCompression.framework/Versions/A/AppleFSCompression
0x00007fff681f4000 	/usr/lib/libcoretls.dylib
0x00007fff6820b000 	/usr/lib/libcoretls_cfhelpers.dylib
0x00007fff69a47000 	/usr/lib/libpam.2.dylib
0x00007fff69b7c000 	/usr/lib/libsqlite3.dylib
0x00007fff69fbb000 	/usr/lib/libxar.1.dylib
0x00007fff67e7a000 	/usr/lib/libbz2.1.0.dylib
0x00007fff6897a000 	/usr/lib/libiconv.2.dylib
0x00007fff67ef0000 	/usr/lib/libcharset.1.dylib
0x00007fff694e4000 	/usr/lib/libnetwork.dylib
0x00007fff69a4e000 	/usr/lib/libpcap.A.dylib
0x00007fff67c48000 	/usr/lib/libapple_nghttp2.dylib
0x00007fff32401000 	/System/Library/Frameworks/CoreServices.framework/Versions/A/Frameworks/FSEvents.framework/Versions/A/FSEvents
0x00007fff320d1000 	/System/Library/Frameworks/CoreServices.framework/Versions/A/Frameworks/CarbonCore.framework/Versions/A/CarbonCore
0x00007fff32645000 	/System/Library/Frameworks/CoreServices.framework/Versions/A/Frameworks/Metadata.framework/Versions/A/Metadata
0x00007fff326de000 	/System/Library/Frameworks/CoreServices.framework/Versions/A/Frameworks/OSServices.framework/Versions/A/OSServices
0x00007fff3270c000 	/System/Library/Frameworks/CoreServices.framework/Versions/A/Frameworks/SearchKit.framework/Versions/A/SearchKit
0x00007fff3204b000 	/System/Library/Frameworks/CoreServices.framework/Versions/A/Frameworks/AE.framework/Versions/A/AE
0x00007fff3240a000 	/System/Library/Frameworks/CoreServices.framework/Versions/A/Frameworks/LaunchServices.framework/Versions/A/LaunchServices
0x00007fff323b3000 	/System/Library/Frameworks/CoreServices.framework/Versions/A/Frameworks/DictionaryServices.framework/Versions/A/DictionaryServices
0x00007fff32774000 	/System/Library/Frameworks/CoreServices.framework/Versions/A/Frameworks/SharedFileList.framework/Versions/A/SharedFileList
0x00007fff37605000 	/System/Library/Frameworks/NetFS.framework/Versions/A/NetFS
0x00007fff58155000 	/System/Library/PrivateFrameworks/NetAuth.framework/Versions/A/NetAuth
0x00007fff64ade000 	/System/Library/PrivateFrameworks/login.framework/Versions/A/Frameworks/loginsupport.framework/Versions/A/loginsupport
0x00007fff613eb000 	/System/Library/PrivateFrameworks/TCC.framework/Versions/A/TCC
0x00007fff49055000 	/System/Library/PrivateFrameworks/CoreNLP.framework/Versions/A/CoreNLP
0x00007fff57652000 	/System/Library/PrivateFrameworks/MetadataUtilities.framework/Versions/A/MetadataUtilities
0x00007fff68db6000 	/usr/lib/libmecabra.dylib
0x00007fff68d0e000 	/usr/lib/libmecab.dylib
0x00007fff6896a000 	/usr/lib/libgermantok.dylib
0x00007fff67c2f000 	/usr/lib/libThaiTokenizer.dylib
0x00007fff67635000 	/usr/lib/libChineseTokenizer.dylib
0x00007fff2c901000 	/System/Library/Frameworks/Accelerate.framework/Versions/A/Frameworks/vImage.framework/Versions/A/vImage
0x00007fff2dd6b000 	/System/Library/Frameworks/Accelerate.framework/Versions/A/Frameworks/vecLib.framework/Versions/A/vecLib
0x00007fff2dca8000 	/System/Library/Frameworks/Accelerate.framework/Versions/A/Frameworks/vecLib.framework/Versions/A/libvMisc.dylib
0x00007fff2dad0000 	/System/Library/Frameworks/Accelerate.framework/Versions/A/Frameworks/vecLib.framework/Versions/A/libvDSP.dylib
0x00007fff2cf58000 	/System/Library/Frameworks/Accelerate.framework/Versions/A/Frameworks/vecLib.framework/Versions/A/libBLAS.dylib
0x00007fff2d694000 	/System/Library/Frameworks/Accelerate.framework/Versions/A/Frameworks/vecLib.framework/Versions/A/libLAPACK.dylib
0x00007fff2da30000 	/System/Library/Frameworks/Accelerate.framework/Versions/A/Frameworks/vecLib.framework/Versions/A/libLinearAlgebra.dylib
0x00007fff2dabd000 	/System/Library/Frameworks/Accelerate.framework/Versions/A/Frameworks/vecLib.framework/Versions/A/libSparseBLAS.dylib
0x00007fff2da46000 	/System/Library/Frameworks/Accelerate.framework/Versions/A/Frameworks/vecLib.framework/Versions/A/libQuadrature.dylib
0x00007fff2d1c0000 	/System/Library/Frameworks/Accelerate.framework/Versions/A/Frameworks/vecLib.framework/Versions/A/libBNNS.dylib
0x00007fff2da4c000 	/System/Library/Frameworks/Accelerate.framework/Versions/A/Frameworks/vecLib.framework/Versions/A/libSparse.dylib
0x00007fff561c6000 	/System/Library/PrivateFrameworks/LanguageModeling.framework/Versions/A/LanguageModeling
0x00007fff48a05000 	/System/Library/PrivateFrameworks/CoreEmoji.framework/Versions/A/CoreEmoji
0x00007fff562e4000 	/System/Library/PrivateFrameworks/LinguisticData.framework/Versions/A/LinguisticData
0x00007fff56295000 	/System/Library/PrivateFrameworks/Lexicon.framework/Versions/A/Lexicon
0x00007fff67ef1000 	/usr/lib/libcmph.dylib
0x00007fff3a1f4000 	/System/Library/Frameworks/OpenDirectory.framework/Versions/A/Frameworks/CFOpenDirectory.framework/Versions/A/CFOpenDirectory
0x00007fff3a211000 	/System/Library/Frameworks/OpenDirectory.framework/Versions/A/OpenDirectory
0x00007fff42654000 	/System/Library/PrivateFrameworks/APFS.framework/Versions/A/APFS
0x00007fff3d903000 	/System/Library/Frameworks/SecurityFoundation.framework/Versions/A/SecurityFoundation
0x00007fff69fb7000 	/usr/lib/libutil.dylib
0x00007fff49f3a000 	/System/Library/PrivateFrameworks/CoreServicesStore.framework/Versions/A/CoreServicesStore
0x00007fff3d9ba000 	/System/Library/Frameworks/ServiceManagement.framework/Versions/A/ServiceManagement
0x00007fff45bf4000 	/System/Library/PrivateFrameworks/BackgroundTaskManagement.framework/Versions/A/BackgroundTaskManagement
0x00007fff6a0b4000 	/usr/lib/libxslt.1.dylib
0x00007fff44a97000 	/System/Library/PrivateFrameworks/AppleSystemInfo.framework/Versions/A/AppleSystemInfo
0x00007fff33da9000 	/System/Library/Frameworks/ImageIO.framework/Versions/A/Resources/libJPEG.dylib
0x00007fff34068000 	/System/Library/Frameworks/ImageIO.framework/Versions/A/Resources/libTIFF.dylib
0x00007fff3404b000 	/System/Library/Frameworks/ImageIO.framework/Versions/A/Resources/libPng.dylib
0x00007fff33ceb000 	/System/Library/Frameworks/ImageIO.framework/Versions/A/Resources/libGIF.dylib
0x00007fff33cef000 	/System/Library/Frameworks/ImageIO.framework/Versions/A/Resources/libJP2.dylib
0x00007fff34066000 	/System/Library/Frameworks/ImageIO.framework/Versions/A/Resources/libRadiance.dylib
0x00007fff68933000 	/usr/lib/libexpat.1.dylib
0x00007fff4457f000 	/System/Library/PrivateFrameworks/AppleJPEG.framework/Versions/A/AppleJPEG
0x00007fff4d23a000 	/System/Library/PrivateFrameworks/FontServices.framework/libFontParser.dylib
0x00007fff63ae0000 	/System/Library/PrivateFrameworks/WatchdogClient.framework/Versions/A/WatchdogClient
0x00007fff55821000 	/System/Library/PrivateFrameworks/IOAccelerator.framework/Versions/A/IOAccelerator
0x00007fff36575000 	/System/Library/Frameworks/MetalPerformanceShaders.framework/Versions/A/MetalPerformanceShaders
0x00007fff51fb7000 	/System/Library/PrivateFrameworks/GPUWrangler.framework/Versions/A/GPUWrangler
0x00007fff55836000 	/System/Library/PrivateFrameworks/IOPresentment.framework/Versions/A/IOPresentment
0x00007fff4aaba000 	/System/Library/PrivateFrameworks/DSExternalDisplay.framework/Versions/A/DSExternalDisplay
0x00007fff3ab85000 	/System/Library/Frameworks/OpenGL.framework/Versions/A/Libraries/libCoreFSCache.dylib
0x00007fff362c1000 	/System/Library/Frameworks/MetalPerformanceShaders.framework/Frameworks/MPSCore.framework/Versions/A/MPSCore
0x00007fff362ff000 	/System/Library/Frameworks/MetalPerformanceShaders.framework/Frameworks/MPSImage.framework/Versions/A/MPSImage
0x00007fff363c6000 	/System/Library/Frameworks/MetalPerformanceShaders.framework/Frameworks/MPSNeuralNetwork.framework/Versions/A/MPSNeuralNetwork
0x00007fff3638a000 	/System/Library/Frameworks/MetalPerformanceShaders.framework/Frameworks/MPSMatrix.framework/Versions/A/MPSMatrix
0x00007fff36525000 	/System/Library/Frameworks/MetalPerformanceShaders.framework/Frameworks/MPSRayIntersector.framework/Versions/A/MPSRayIntersector
0x00007fff363b0000 	/System/Library/Frameworks/MetalPerformanceShaders.framework/Frameworks/MPSNDArray.framework/Versions/A/MPSNDArray
0x00007fff5769f000 	/System/Library/PrivateFrameworks/MetalTools.framework/Versions/A/MetalTools
0x00007fff4382e000 	/System/Library/PrivateFrameworks/AggregateDictionary.framework/Versions/A/AggregateDictionary
0x00007fff4844d000 	/System/Library/PrivateFrameworks/CoreAnalytics.framework/Versions/A/CoreAnalytics
0x00007fff449b6000 	/System/Library/PrivateFrameworks/AppleSauce.framework/Versions/A/AppleSauce
0x00007fff678f1000 	/usr/lib/libIOReport.dylib
0x00007fff32c75000 	/System/Library/Frameworks/CoreVideo.framework/Versions/A/CoreVideo
0x00007fff53430000 	/System/Library/PrivateFrameworks/GraphVisualizer.framework/Versions/A/GraphVisualizer
0x00007fff4c780000 	/System/Library/PrivateFrameworks/FaceCore.framework/Versions/A/FaceCore
0x00007fff3a19b000 	/System/Library/Frameworks/OpenCL.framework/Versions/A/OpenCL
0x00007fff67713000 	/usr/lib/libFosl_dynamic.dylib
0x00007fff58b75000 	/System/Library/PrivateFrameworks/OTSVG.framework/Versions/A/OTSVG
0x00007fff2ee2a000 	/System/Library/Frameworks/ApplicationServices.framework/Versions/A/Frameworks/ATS.framework/Versions/A/Resources/libFontRegistry.dylib
0x00007fff4d40b000 	/System/Library/PrivateFrameworks/FontServices.framework/libhvf.dylib
0x00007fff3ab90000 	/System/Library/Frameworks/OpenGL.framework/Versions/A/Libraries/libGFXShared.dylib
0x00007fff3ad6e000 	/System/Library/Frameworks/OpenGL.framework/Versions/A/Libraries/libGLU.dylib
0x00007fff3ab99000 	/System/Library/Frameworks/OpenGL.framework/Versions/A/Libraries/libGL.dylib
0x00007fff3aba4000 	/System/Library/Frameworks/OpenGL.framework/Versions/A/Libraries/libGLImage.dylib
0x00007fff3ab82000 	/System/Library/Frameworks/OpenGL.framework/Versions/A/Libraries/libCVMSPluginSupport.dylib
0x00007fff3ab8b000 	/System/Library/Frameworks/OpenGL.framework/Versions/A/Libraries/libCoreVMClient.dylib
0x00007fff69385000 	/usr/lib/libncurses.5.4.dylib
0x00007fff2ed26000 	/System/Library/Frameworks/ApplicationServices.framework/Versions/A/Frameworks/ATS.framework/Versions/A/ATS
0x00007fff2eef3000 	/System/Library/Frameworks/ApplicationServices.framework/Versions/A/Frameworks/ColorSyncLegacy.framework/Versions/A/ColorSyncLegacy
0x00007fff2ef91000 	/System/Library/Frameworks/ApplicationServices.framework/Versions/A/Frameworks/HIServices.framework/Versions/A/HIServices
0x00007fff2efe9000 	/System/Library/Frameworks/ApplicationServices.framework/Versions/A/Frameworks/LangAnalysis.framework/Versions/A/LangAnalysis
0x00007fff2eff8000 	/System/Library/Frameworks/ApplicationServices.framework/Versions/A/Frameworks/PrintCore.framework/Versions/A/PrintCore
0x00007fff2f03e000 	/System/Library/Frameworks/ApplicationServices.framework/Versions/A/Frameworks/QD.framework/Versions/A/QD
0x00007fff2f049000 	/System/Library/Frameworks/ApplicationServices.framework/Versions/A/Frameworks/SpeechSynthesis.framework/Versions/A/SpeechSynthesis
0x00007fff2eec3000 	/System/Library/Frameworks/ApplicationServices.framework/Versions/A/Frameworks/ATSUI.framework/Versions/A/ATSUI
0x00007fff687c9000 	/usr/lib/libcups.2.dylib
0x00007fff35610000 	/System/Library/Frameworks/Kerberos.framework/Versions/A/Kerberos
0x00007fff33751000 	/System/Library/Frameworks/GSS.framework/Versions/A/GSS
0x00007fff69b08000 	/usr/lib/libresolv.9.dylib
0x00007fff535dd000 	/System/Library/PrivateFrameworks/Heimdal.framework/Versions/A/Heimdal
0x00007fff35623000 	/System/Library/Frameworks/Kerberos.framework/Versions/A/Libraries/libHeimdalProxy.dylib
0x00007fff68970000 	/usr/lib/libheimdal-asn1.dylib
0x00007fff478e5000 	/System/Library/PrivateFrameworks/CommonAuth.framework/Versions/A/CommonAuth
0x00007fff44b34000 	/System/Library/PrivateFrameworks/AssertionServices.framework/Versions/A/AssertionServices
0x00007fff456d7000 	/System/Library/PrivateFrameworks/AudioToolboxCore.framework/Versions/A/AudioToolboxCore
0x00007fff6478e000 	/System/Library/PrivateFrameworks/caulk.framework/Versions/A/caulk
0x00007fff45ca0000 	/System/Library/PrivateFrameworks/BaseBoard.framework/Versions/A/BaseBoard
0x00007fff5cdd8000 	/System/Library/PrivateFrameworks/RunningBoardServices.framework/Versions/A/RunningBoardServices
0x00007fff59de9000 	/System/Library/PrivateFrameworks/PersistentConnection.framework/Versions/A/PersistentConnection
0x00007fff5c7d1000 	/System/Library/PrivateFrameworks/ProtocolBuffer.framework/Versions/A/ProtocolBuffer
0x00007fff47909000 	/System/Library/PrivateFrameworks/CommonUtilities.framework/Versions/A/CommonUtilities
0x00007fff45e2e000 	/System/Library/PrivateFrameworks/Bom.framework/Versions/A/Bom
0x00007fff675c4000 	/usr/lib/libAudioToolboxUtility.dylib
0x00007fff45bfe000 	/System/Library/PrivateFrameworks/Backup.framework/Versions/A/Backup
0x00007fff4a9db000 	/System/Library/PrivateFrameworks/CrashReporterSupport.framework/Versions/A/CrashReporterSupport
0x00007fff5e86a000 	/System/Library/PrivateFrameworks/Sharing.framework/Versions/A/Sharing
0x00007fff44142000 	/System/Library/PrivateFrameworks/Apple80211.framework/Versions/A/Apple80211
0x00007fff4591b000 	/System/Library/PrivateFrameworks/AuthKit.framework/Versions/A/AuthKit
0x00007fff4a6e8000 	/System/Library/PrivateFrameworks/CoreUtils.framework/Versions/A/CoreUtils
0x00007fff32cba000 	/System/Library/Frameworks/CoreWLAN.framework/Versions/A/CoreWLAN
0x00007fff338de000 	/System/Library/Frameworks/IOBluetooth.framework/Versions/A/IOBluetooth
0x00007fff579a4000 	/System/Library/PrivateFrameworks/MobileKeyBag.framework/Versions/A/MobileKeyBag
0x00007fff494ed000 	/System/Library/PrivateFrameworks/CorePhoneNumbers.framework/Versions/A/CorePhoneNumbers
0x00007fff44532000 	/System/Library/PrivateFrameworks/AppleIDAuthSupport.framework/Versions/A/AppleIDAuthSupport
0x00007fff37612000 	/System/Library/Frameworks/Network.framework/Versions/A/Network
0x00007fff56072000 	/System/Library/PrivateFrameworks/KeychainCircle.framework/Versions/A/KeychainCircle
0x00007fff3070b000 	/System/Library/Frameworks/CoreBluetooth.framework/Versions/A/CoreBluetooth
0x00007fff608e9000 	/System/Library/PrivateFrameworks/SpeechRecognitionCore.framework/Versions/A/SpeechRecognitionCore
0x0000000104d72000 	/Library/Java/JavaVirtualMachines/jdk1.8.0_271.jdk/Contents/Home/jre/lib/server/libjvm.dylib
0x0000000102a2c000 	/Library/Java/JavaVirtualMachines/jdk1.8.0_271.jdk/Contents/Home/jre/lib/libverify.dylib
0x0000000102a3d000 	/Library/Java/JavaVirtualMachines/jdk1.8.0_271.jdk/Contents/Home/jre/lib/libjava.dylib
0x0000000102a71000 	/Library/Java/JavaVirtualMachines/jdk1.8.0_271.jdk/Contents/Home/jre/lib/libinstrument.dylib
0x0000000102ae0000 	/Library/Java/JavaVirtualMachines/jdk1.8.0_271.jdk/Contents/Home/jre/lib/libzip.dylib
0x0000000102b29000 	/Library/Java/JavaVirtualMachines/jdk1.8.0_271.jdk/Contents/Home/jre/lib/libnet.dylib
0x000000011bce4000 	/Library/Java/JavaVirtualMachines/jdk1.8.0_271.jdk/Contents/Home/jre/lib/libmanagement.dylib
0x000000011bf06000 	/Library/Java/JavaVirtualMachines/jdk1.8.0_271.jdk/Contents/Home/jre/lib/libnio.dylib
0x000000011bf18000 	/private/var/folders/y2/6gc8kld16vbgyjkt67vb12_c0000gn/T/librocksdbjni8263394872339332942.jnilib
0x000000011cb22000 	/Library/Java/JavaVirtualMachines/jdk1.8.0_271.jdk/Contents/Home/jre/lib/libjaas_unix.dylib

VM Arguments:
jvm_args: -ea -Dhadoop.log.dir=/Users/sbanerjee/github/hadoop-ozone/hadoop-hdds/server-scm/target/log -Dhadoop.tmp.dir=/Users/sbanerjee/github/hadoop-ozone/hadoop-hdds/server-scm/target/tmp -Dtest.build.dir=/Users/sbanerjee/github/hadoop-ozone/hadoop-hdds/server-scm/target/test-dir -Dtest.build.data=/Users/sbanerjee/github/hadoop-ozone/hadoop-hdds/server-scm/target/test-dir -Dtest.build.classes=/Users/sbanerjee/github/hadoop-ozone/hadoop-hdds/server-scm/target/test-classes -Djava.net.preferIPv4Stack=true -Djava.security.krb5.conf=/Users/sbanerjee/github/hadoop-ozone/hadoop-hdds/server-scm/target/test-classes/krb5.conf -Djava.security.egd=file:///dev/urandom -Xmx2048m -XX:+HeapDumpOnOutOfMemoryError -Didea.test.cyclic.buffer.size=1048576 -javaagent:/Applications/IntelliJ IDEA.app/Contents/lib/idea_rt.jar=62198:/Applications/IntelliJ IDEA.app/Contents/bin -Dfile.encoding=UTF-8 
java_command: com.intellij.rt.junit.JUnitStarter -ideVersion5 -junit4 org.apache.hadoop.hdds.scm.node.TestSCMNodeManager
java_class_path (initial): /Applications/IntelliJ IDEA.app/Contents/lib/idea_rt.jar:/Applications/IntelliJ IDEA.app/Contents/plugins/junit/lib/junit5-rt.jar:/Applications/IntelliJ IDEA.app/Contents/plugins/junit/lib/junit-rt.jar:/Library/Java/JavaVirtualMachines/jdk1.8.0_271.jdk/Contents/Home/jre/lib/charsets.jar:/Library/Java/JavaVirtualMachines/jdk1.8.0_271.jdk/Contents/Home/jre/lib/deploy.jar:/Library/Java/JavaVirtualMachines/jdk1.8.0_271.jdk/Contents/Home/jre/lib/ext/cldrdata.jar:/Library/Java/JavaVirtualMachines/jdk1.8.0_271.jdk/Contents/Home/jre/lib/ext/dnsns.jar:/Library/Java/JavaVirtualMachines/jdk1.8.0_271.jdk/Contents/Home/jre/lib/ext/jaccess.jar:/Library/Java/JavaVirtualMachines/jdk1.8.0_271.jdk/Contents/Home/jre/lib/ext/jfxrt.jar:/Library/Java/JavaVirtualMachines/jdk1.8.0_271.jdk/Contents/Home/jre/lib/ext/localedata.jar:/Library/Java/JavaVirtualMachines/jdk1.8.0_271.jdk/Contents/Home/jre/lib/ext/nashorn.jar:/Library/Java/JavaVirtualMachines/jdk1.8.0_271.jdk/Contents/Home/jre/lib/ext/sunec.jar:/Library/Java/JavaVirtualMachines/jdk1.8.0_271.jdk/Contents/Home/jre/lib/ext/sunjce_provider.jar:/Library/Java/JavaVirtualMachines/jdk1.8.0_271.jdk/Contents/Home/jre/lib/ext/sunpkcs11.jar:/Library/Java/JavaVirtualMachines/jdk1.8.0_271.jdk/Contents/Home/jre/lib/ext/zipfs.jar:/Library/Java/JavaVirtualMachines/jdk1.8.0_271.jdk/Contents/Home/jre/lib/javaws.jar:/Library/Java/JavaVirtualMachines/jdk1.8.0_271.jdk/Contents/Home/jre/lib/jce.jar:/Library/Java/JavaVirtualMachines/jdk1.8.0_271.jdk/Contents/Home/jre/lib/jfr.jar:/Library/Java/JavaVirtualMachines/jdk1.8.0_271.jdk/Contents/Home/jre/lib/jfxswt.jar:/Library/Java/JavaVirtualMachines/jdk1.8.0_271.jdk/Contents/Home/jre/lib/jsse.jar:/Library/Java/JavaVirtualMachines/jdk1.8.0_271.jdk/Contents/Home/jre/lib/management-agent.jar:/Library/Java/JavaVirtualMachines/jdk1.8.0_271.jdk/Contents/Home/jre/lib/plugin.jar:/Library/Java/JavaVirtualMachines/jdk1.8.0_271.jdk/Contents/Home/jre/lib/resources.jar:/Library/Java/JavaVirtualM
Launcher Type: SUN_STANDARD

Environment Variables:
PATH=/usr/local/bin:/usr/bin:/bin:/usr/sbin:/sbin
SHELL=/bin/zsh

Signal Handlers:
SIGSEGV: [libjvm.dylib+0x5a0dcb], sa_mask[0]=11111111011111110111111111111111, sa_flags=SA_ONSTACK|SA_RESTART|SA_SIGINFO
SIGBUS: [libjvm.dylib+0x5a0dcb], sa_mask[0]=11111111011111110111111111111111, sa_flags=SA_RESTART|SA_SIGINFO
SIGFPE: [libjvm.dylib+0x491731], sa_mask[0]=11111111011111110111111111111111, sa_flags=SA_RESTART|SA_SIGINFO
SIGPIPE: [libjvm.dylib+0x491731], sa_mask[0]=11111111011111110111111111111111, sa_flags=SA_RESTART|SA_SIGINFO
SIGXFSZ: [libjvm.dylib+0x491731], sa_mask[0]=11111111011111110111111111111111, sa_flags=SA_RESTART|SA_SIGINFO
SIGILL: [libjvm.dylib+0x491731], sa_mask[0]=11111111011111110111111111111111, sa_flags=SA_RESTART|SA_SIGINFO
SIGUSR1: SIG_DFL, sa_mask[0]=00000000000000000000000000000000, sa_flags=none
SIGUSR2: [libjvm.dylib+0x49202a], sa_mask[0]=00100000000000000000000000000000, sa_flags=SA_RESTART|SA_SIGINFO
SIGHUP: [libjvm.dylib+0x490239], sa_mask[0]=11111111011111110111111111111111, sa_flags=SA_RESTART|SA_SIGINFO
SIGINT: [libjvm.dylib+0x490239], sa_mask[0]=11111111011111110111111111111111, sa_flags=SA_RESTART|SA_SIGINFO
SIGTERM: [libjvm.dylib+0x490239], sa_mask[0]=11111111011111110111111111111111, sa_flags=SA_RESTART|SA_SIGINFO
SIGQUIT: [libjvm.dylib+0x490239], sa_mask[0]=11111111011111110111111111111111, sa_flags=SA_RESTART|SA_SIGINFO


---------------  S Y S T E M  ---------------

OS:Bsduname:Darwin 19.6.0 Darwin Kernel Version 19.6.0: Mon Aug 31 22:12:52 PDT 2020; root:xnu-6153.141.2~1/RELEASE_X86_64 x86_64
rlimit: STACK 8192k, CORE 0k, NPROC 2784, NOFILE 10240, AS infinity
load average:1.60 1.87 2.12

CPU:total 12 (initial active 12) (6 cores per cpu, 2 threads per core) family 6 model 158 stepping 10, cmov, cx8, fxsr, mmx, sse, sse2, sse3, ssse3, sse4.1, sse4.2, popcnt, avx, avx2, aes, clmul, erms, 3dnowpref, lzcnt, ht, tsc, tscinvbit, bmi1, bmi2, adx

Memory: 4k page, physical 16777216k(2120748k free)

/proc/meminfo:


vm_info: Java HotSpot(TM) 64-Bit Server VM (25.271-b09) for bsd-amd64 JRE (1.8.0_271-b09), built on Sep 16 2020 16:54:38 by "java_re" with gcc 4.2.1 Compatible Apple LLVM 10.0.0 (clang-1000.11.45.5)

time: Wed Jan 13 10:19:08 2021
timezone: IST
elapsed time: 27.739707 seconds (0d 0h 0m 27s)

